2015-05-16 15:27:58,488 [Main.java:12][DEBUG]:Starting application context
2015-05-16 15:27:59,021 [MutablePropertySources.java:109][DEBUG]:Adding [systemProperties] PropertySource with lowest search precedence
2015-05-16 15:27:59,039 [MutablePropertySources.java:109][DEBUG]:Adding [systemEnvironment] PropertySource with lowest search precedence
2015-05-16 15:27:59,040 [AbstractEnvironment.java:126][DEBUG]:Initialized StandardEnvironment with PropertySources [systemProperties,systemEnvironment]
2015-05-16 15:27:59,119 [AbstractApplicationContext.java:510][INFO]:Refreshing org.springframework.context.annotation.AnnotationConfigApplicationContext@176fa1a5: startup date [Sat May 16 15:27:59 PDT 2015]; root of context hierarchy
2015-05-16 15:27:59,120 [AbstractApplicationContext.java:540][DEBUG]:Bean factory for org.springframework.context.annotation.AnnotationConfigApplicationContext@176fa1a5: org.springframework.beans.factory.support.DefaultListableBeanFactory@466de78a: defining beans [org.springframework.context.annotation.internalConfigurationAnnotationProcessor,org.springframework.context.annotation.internalAutowiredAnnotationProcessor,org.springframework.context.annotation.internalRequiredAnnotationProcessor,org.springframework.context.annotation.internalCommonAnnotationProcessor,springConfig]; root of factory hierarchy
2015-05-16 15:27:59,137 [DefaultSingletonBeanRegistry.java:221][DEBUG]:Creating shared instance of singleton bean 'org.springframework.context.annotation.internalConfigurationAnnotationProcessor'
2015-05-16 15:27:59,137 [AbstractAutowireCapableBeanFactory.java:450][DEBUG]:Creating instance of bean 'org.springframework.context.annotation.internalConfigurationAnnotationProcessor'
2015-05-16 15:27:59,165 [AbstractAutowireCapableBeanFactory.java:523][DEBUG]:Eagerly caching bean 'org.springframework.context.annotation.internalConfigurationAnnotationProcessor' to allow for resolving potential circular references
2015-05-16 15:27:59,166 [AbstractAutowireCapableBeanFactory.java:478][DEBUG]:Finished creating instance of bean 'org.springframework.context.annotation.internalConfigurationAnnotationProcessor'
2015-05-16 15:27:59,184 [MutablePropertySources.java:109][DEBUG]:Adding [class path resource [netty-server.properties]] PropertySource with lowest search precedence
2015-05-16 15:27:59,185 [MutablePropertySources.java:109][DEBUG]:Adding [systemProperties] PropertySource with lowest search precedence
2015-05-16 15:27:59,185 [MutablePropertySources.java:109][DEBUG]:Adding [systemEnvironment] PropertySource with lowest search precedence
2015-05-16 15:27:59,186 [AbstractEnvironment.java:126][DEBUG]:Initialized StandardEnvironment with PropertySources [systemProperties,systemEnvironment]
2015-05-16 15:27:59,189 [PathMatchingResourcePatternResolver.java:622][DEBUG]:Looking for matching resources in directory tree [E:\dev\mercury\target\classes\com\liangzhi]
2015-05-16 15:27:59,190 [PathMatchingResourcePatternResolver.java:684][DEBUG]:Searching directory [E:\dev\mercury\target\classes\com\liangzhi] for files matching pattern [E:/dev/mercury/target/classes/com/liangzhi/**/*.class]
2015-05-16 15:27:59,195 [PathMatchingResourcePatternResolver.java:684][DEBUG]:Searching directory [E:\dev\mercury\target\classes\com\liangzhi\mercury] for files matching pattern [E:/dev/mercury/target/classes/com/liangzhi/**/*.class]
2015-05-16 15:27:59,196 [PathMatchingResourcePatternResolver.java:684][DEBUG]:Searching directory [E:\dev\mercury\target\classes\com\liangzhi\mercury\config] for files matching pattern [E:/dev/mercury/target/classes/com/liangzhi/**/*.class]
2015-05-16 15:27:59,197 [PathMatchingResourcePatternResolver.java:684][DEBUG]:Searching directory [E:\dev\mercury\target\classes\com\liangzhi\mercury\handlers] for files matching pattern [E:/dev/mercury/target/classes/com/liangzhi/**/*.class]
2015-05-16 15:27:59,198 [PathMatchingResourcePatternResolver.java:684][DEBUG]:Searching directory [E:\dev\mercury\target\classes\com\liangzhi\mercury\server] for files matching pattern [E:/dev/mercury/target/classes/com/liangzhi/**/*.class]
2015-05-16 15:27:59,199 [PathMatchingResourcePatternResolver.java:622][DEBUG]:Looking for matching resources in directory tree [E:\dev\liangzhi-commons\target\classes\com\liangzhi]
2015-05-16 15:27:59,199 [PathMatchingResourcePatternResolver.java:684][DEBUG]:Searching directory [E:\dev\liangzhi-commons\target\classes\com\liangzhi] for files matching pattern [E:/dev/liangzhi-commons/target/classes/com/liangzhi/**/*.class]
2015-05-16 15:27:59,200 [PathMatchingResourcePatternResolver.java:684][DEBUG]:Searching directory [E:\dev\liangzhi-commons\target\classes\com\liangzhi\commons] for files matching pattern [E:/dev/liangzhi-commons/target/classes/com/liangzhi/**/*.class]
2015-05-16 15:27:59,201 [PathMatchingResourcePatternResolver.java:684][DEBUG]:Searching directory [E:\dev\liangzhi-commons\target\classes\com\liangzhi\commons\api] for files matching pattern [E:/dev/liangzhi-commons/target/classes/com/liangzhi/**/*.class]
2015-05-16 15:27:59,201 [PathMatchingResourcePatternResolver.java:684][DEBUG]:Searching directory [E:\dev\liangzhi-commons\target\classes\com\liangzhi\commons\api\client] for files matching pattern [E:/dev/liangzhi-commons/target/classes/com/liangzhi/**/*.class]
2015-05-16 15:27:59,203 [PathMatchingResourcePatternResolver.java:684][DEBUG]:Searching directory [E:\dev\liangzhi-commons\target\classes\com\liangzhi\commons\api\filter] for files matching pattern [E:/dev/liangzhi-commons/target/classes/com/liangzhi/**/*.class]
2015-05-16 15:27:59,204 [PathMatchingResourcePatternResolver.java:684][DEBUG]:Searching directory [E:\dev\liangzhi-commons\target\classes\com\liangzhi\commons\domain] for files matching pattern [E:/dev/liangzhi-commons/target/classes/com/liangzhi/**/*.class]
2015-05-16 15:27:59,209 [PathMatchingResourcePatternResolver.java:684][DEBUG]:Searching directory [E:\dev\liangzhi-commons\target\classes\com\liangzhi\commons\domain\platform] for files matching pattern [E:/dev/liangzhi-commons/target/classes/com/liangzhi/**/*.class]
2015-05-16 15:27:59,212 [PathMatchingResourcePatternResolver.java:684][DEBUG]:Searching directory [E:\dev\liangzhi-commons\target\classes\com\liangzhi\commons\domain\schools] for files matching pattern [E:/dev/liangzhi-commons/target/classes/com/liangzhi/**/*.class]
2015-05-16 15:27:59,215 [PathMatchingResourcePatternResolver.java:684][DEBUG]:Searching directory [E:\dev\liangzhi-commons\target\classes\com\liangzhi\commons\domain\wechat] for files matching pattern [E:/dev/liangzhi-commons/target/classes/com/liangzhi/**/*.class]
2015-05-16 15:27:59,217 [PathMatchingResourcePatternResolver.java:684][DEBUG]:Searching directory [E:\dev\liangzhi-commons\target\classes\com\liangzhi\commons\hmac] for files matching pattern [E:/dev/liangzhi-commons/target/classes/com/liangzhi/**/*.class]
2015-05-16 15:27:59,217 [PathMatchingResourcePatternResolver.java:684][DEBUG]:Searching directory [E:\dev\liangzhi-commons\target\classes\com\liangzhi\commons\jackson] for files matching pattern [E:/dev/liangzhi-commons/target/classes/com/liangzhi/**/*.class]
2015-05-16 15:27:59,218 [PathMatchingResourcePatternResolver.java:684][DEBUG]:Searching directory [E:\dev\liangzhi-commons\target\classes\com\liangzhi\commons\jmx] for files matching pattern [E:/dev/liangzhi-commons/target/classes/com/liangzhi/**/*.class]
2015-05-16 15:27:59,219 [PathMatchingResourcePatternResolver.java:684][DEBUG]:Searching directory [E:\dev\liangzhi-commons\target\classes\com\liangzhi\commons\mybatis] for files matching pattern [E:/dev/liangzhi-commons/target/classes/com/liangzhi/**/*.class]
2015-05-16 15:27:59,221 [PathMatchingResourcePatternResolver.java:684][DEBUG]:Searching directory [E:\dev\liangzhi-commons\target\classes\com\liangzhi\commons\utils] for files matching pattern [E:/dev/liangzhi-commons/target/classes/com/liangzhi/**/*.class]
2015-05-16 15:27:59,225 [PathMatchingResourcePatternResolver.java:423][DEBUG]:Resolved location pattern [classpath*:com/liangzhi/**/*.class] to resources [file [E:\dev\mercury\target\classes\com\liangzhi\mercury\config\SpringConfig.class], file [E:\dev\mercury\target\classes\com\liangzhi\mercury\handlers\ServerHandler.class], file [E:\dev\mercury\target\classes\com\liangzhi\mercury\handlers\StringProtocolInitializer.class], file [E:\dev\mercury\target\classes\com\liangzhi\mercury\server\Main.class], file [E:\dev\mercury\target\classes\com\liangzhi\mercury\server\TCPServer.class], file [E:\dev\liangzhi-commons\target\classes\com\liangzhi\commons\api\client\CoreApiClient$1.class], file [E:\dev\liangzhi-commons\target\classes\com\liangzhi\commons\api\client\CoreApiClient$2.class], file [E:\dev\liangzhi-commons\target\classes\com\liangzhi\commons\api\client\CoreApiClient.class], file [E:\dev\liangzhi-commons\target\classes\com\liangzhi\commons\api\client\WechatClient$1.class], file [E:\dev\liangzhi-commons\target\classes\com\liangzhi\commons\api\client\WechatClient$2.class], file [E:\dev\liangzhi-commons\target\classes\com\liangzhi\commons\api\client\WechatClient.class], file [E:\dev\liangzhi-commons\target\classes\com\liangzhi\commons\api\CoreApiPath.class], file [E:\dev\liangzhi-commons\target\classes\com\liangzhi\commons\api\filter\HmacClientFilter.class], file [E:\dev\liangzhi-commons\target\classes\com\liangzhi\commons\api\filter\PerformanceLoggingFilter.class], file [E:\dev\liangzhi-commons\target\classes\com\liangzhi\commons\domain\ApiToken.class], file [E:\dev\liangzhi-commons\target\classes\com\liangzhi\commons\domain\AppData.class], file [E:\dev\liangzhi-commons\target\classes\com\liangzhi\commons\domain\Country.class], file [E:\dev\liangzhi-commons\target\classes\com\liangzhi\commons\domain\Course.class], file [E:\dev\liangzhi-commons\target\classes\com\liangzhi\commons\domain\CourseBiData.class], file [E:\dev\liangzhi-commons\target\classes\com\liangzhi\commons\domain\CourseBiDataUpdate.class], file [E:\dev\liangzhi-commons\target\classes\com\liangzhi\commons\domain\CourseCategory.class], file [E:\dev\liangzhi-commons\target\classes\com\liangzhi\commons\domain\CourseCategoryMapping.class], file [E:\dev\liangzhi-commons\target\classes\com\liangzhi\commons\domain\CourseCategoryMappings.class], file [E:\dev\liangzhi-commons\target\classes\com\liangzhi\commons\domain\CourseComment.class], file [E:\dev\liangzhi-commons\target\classes\com\liangzhi\commons\domain\CourseComments.class], file [E:\dev\liangzhi-commons\target\classes\com\liangzhi\commons\domain\CourseFavoriteMapping.class], file [E:\dev\liangzhi-commons\target\classes\com\liangzhi\commons\domain\CourseFavoriteMappings.class], file [E:\dev\liangzhi-commons\target\classes\com\liangzhi\commons\domain\CourseLikeMapping.class], file [E:\dev\liangzhi-commons\target\classes\com\liangzhi\commons\domain\CourseLikeMappings.class], file [E:\dev\liangzhi-commons\target\classes\com\liangzhi\commons\domain\CoursePageType.class], file [E:\dev\liangzhi-commons\target\classes\com\liangzhi\commons\domain\CourseTheme.class], file [E:\dev\liangzhi-commons\target\classes\com\liangzhi\commons\domain\CourseThemeMapping.class], file [E:\dev\liangzhi-commons\target\classes\com\liangzhi\commons\domain\CourseThemeMappings.class], file [E:\dev\liangzhi-commons\target\classes\com\liangzhi\commons\domain\CourseType.class], file [E:\dev\liangzhi-commons\target\classes\com\liangzhi\commons\domain\CourseView.class], file [E:\dev\liangzhi-commons\target\classes\com\liangzhi\commons\domain\DeviceStatus.class], file [E:\dev\liangzhi-commons\target\classes\com\liangzhi\commons\domain\EducationLevel.class], file [E:\dev\liangzhi-commons\target\classes\com\liangzhi\commons\domain\Entity.class], file [E:\dev\liangzhi-commons\target\classes\com\liangzhi\commons\domain\GoldTransaction.class], file [E:\dev\liangzhi-commons\target\classes\com\liangzhi\commons\domain\GoldTransactionHistory.class], file [E:\dev\liangzhi-commons\target\classes\com\liangzhi\commons\domain\GoldTransactionType.class], file [E:\dev\liangzhi-commons\target\classes\com\liangzhi\commons\domain\Link.class], file [E:\dev\liangzhi-commons\target\classes\com\liangzhi\commons\domain\NewsArticle.class], file [E:\dev\liangzhi-commons\target\classes\com\liangzhi\commons\domain\Paginator.class], file [E:\dev\liangzhi-commons\target\classes\com\liangzhi\commons\domain\platform\Device.class], file [E:\dev\liangzhi-commons\target\classes\com\liangzhi\commons\domain\platform\Sensor.class], file [E:\dev\liangzhi-commons\target\classes\com\liangzhi\commons\domain\platform\SensorType.class], file [E:\dev\liangzhi-commons\target\classes\com\liangzhi\commons\domain\Project.class], file [E:\dev\liangzhi-commons\target\classes\com\liangzhi\commons\domain\ProjectAuthor.class], file [E:\dev\liangzhi-commons\target\classes\com\liangzhi\commons\domain\ProjectAuthorMapping.class], file [E:\dev\liangzhi-commons\target\classes\com\liangzhi\commons\domain\ProjectAward.class], file [E:\dev\liangzhi-commons\target\classes\com\liangzhi\commons\domain\ProjectAwardMapping.class], file [E:\dev\liangzhi-commons\target\classes\com\liangzhi\commons\domain\ProjectCategory.class], file [E:\dev\liangzhi-commons\target\classes\com\liangzhi\commons\domain\ProjectFair.class], file [E:\dev\liangzhi-commons\target\classes\com\liangzhi\commons\domain\ProjectFairs.class], file [E:\dev\liangzhi-commons\target\classes\com\liangzhi\commons\domain\ProjectSearchRequest.class], file [E:\dev\liangzhi-commons\target\classes\com\liangzhi\commons\domain\ProjectSearchResponse.class], file [E:\dev\liangzhi-commons\target\classes\com\liangzhi\commons\domain\ProjectView.class], file [E:\dev\liangzhi-commons\target\classes\com\liangzhi\commons\domain\PublishableStatus.class], file [E:\dev\liangzhi-commons\target\classes\com\liangzhi\commons\domain\Role.class], file [E:\dev\liangzhi-commons\target\classes\com\liangzhi\commons\domain\School.class], file [E:\dev\liangzhi-commons\target\classes\com\liangzhi\commons\domain\schools\CountryRegion.class], file [E:\dev\liangzhi-commons\target\classes\com\liangzhi\commons\domain\schools\Region.class], file [E:\dev\liangzhi-commons\target\classes\com\liangzhi\commons\domain\schools\RegionType.class], file [E:\dev\liangzhi-commons\target\classes\com\liangzhi\commons\domain\schools\SchoolList.class], file [E:\dev\liangzhi-commons\target\classes\com\liangzhi\commons\domain\SolrProjectDocument.class], file [E:\dev\liangzhi-commons\target\classes\com\liangzhi\commons\domain\SSANewsArticle.class], file [E:\dev\liangzhi-commons\target\classes\com\liangzhi\commons\domain\Stem.class], file [E:\dev\liangzhi-commons\target\classes\com\liangzhi\commons\domain\StemCategories.class], file [E:\dev\liangzhi-commons\target\classes\com\liangzhi\commons\domain\StemTestSysRegisterRequest.class], file [E:\dev\liangzhi-commons\target\classes\com\liangzhi\commons\domain\Theme.class], file [E:\dev\liangzhi-commons\target\classes\com\liangzhi\commons\domain\UpdateUserInfoRequest.class], file [E:\dev\liangzhi-commons\target\classes\com\liangzhi\commons\domain\User.class], file [E:\dev\liangzhi-commons\target\classes\com\liangzhi\commons\domain\UserCredentials.class], file [E:\dev\liangzhi-commons\target\classes\com\liangzhi\commons\domain\UserEducationHistory.class], file [E:\dev\liangzhi-commons\target\classes\com\liangzhi\commons\domain\UserEducationHistoryRecord.class], file [E:\dev\liangzhi-commons\target\classes\com\liangzhi\commons\domain\UserRegistration.class], file [E:\dev\liangzhi-commons\target\classes\com\liangzhi\commons\domain\UserRoles.class], file [E:\dev\liangzhi-commons\target\classes\com\liangzhi\commons\domain\UserType.class], file [E:\dev\liangzhi-commons\target\classes\com\liangzhi\commons\domain\wechat\GetAccessTokenResponse.class], file [E:\dev\liangzhi-commons\target\classes\com\liangzhi\commons\domain\wechat\Message.class], file [E:\dev\liangzhi-commons\target\classes\com\liangzhi\commons\domain\wechat\RaidInfo.class], file [E:\dev\liangzhi-commons\target\classes\com\liangzhi\commons\domain\wechat\RaidMember.class], file [E:\dev\liangzhi-commons\target\classes\com\liangzhi\commons\domain\wechat\Reply.class], file [E:\dev\liangzhi-commons\target\classes\com\liangzhi\commons\hmac\HmacUtils.class], file [E:\dev\liangzhi-commons\target\classes\com\liangzhi\commons\jackson\DateTimeDeserializer.class], file [E:\dev\liangzhi-commons\target\classes\com\liangzhi\commons\jackson\DateTimeSerializer.class], file [E:\dev\liangzhi-commons\target\classes\com\liangzhi\commons\jackson\JodaDateTimeModule.class], file [E:\dev\liangzhi-commons\target\classes\com\liangzhi\commons\jmx\HttpAdaptorMgr.class], file [E:\dev\liangzhi-commons\target\classes\com\liangzhi\commons\mybatis\DateTimeTypeHandler.class], file [E:\dev\liangzhi-commons\target\classes\com\liangzhi\commons\mybatis\HasValueEnum.class], file [E:\dev\liangzhi-commons\target\classes\com\liangzhi\commons\mybatis\HasValueEnumTypeHandler.class], file [E:\dev\liangzhi-commons\target\classes\com\liangzhi\commons\mybatis\UUIDTypeHandler.class], file [E:\dev\liangzhi-commons\target\classes\com\liangzhi\commons\utils\DateUtils.class]]
2015-05-16 15:27:59,245 [ClassPathScanningCandidateComponentProvider.java:286][DEBUG]:Identified candidate component class: file [E:\dev\mercury\target\classes\com\liangzhi\mercury\handlers\ServerHandler.class]
2015-05-16 15:27:59,246 [ClassPathScanningCandidateComponentProvider.java:286][DEBUG]:Identified candidate component class: file [E:\dev\mercury\target\classes\com\liangzhi\mercury\handlers\StringProtocolInitializer.class]
2015-05-16 15:27:59,248 [ClassPathScanningCandidateComponentProvider.java:286][DEBUG]:Identified candidate component class: file [E:\dev\mercury\target\classes\com\liangzhi\mercury\server\TCPServer.class]
2015-05-16 15:27:59,356 [ConfigurationClassBeanDefinitionReader.java:268][DEBUG]:Registering bean definition for @Bean method com.liangzhi.mercury.config.SpringConfig.serverBootstrap()
2015-05-16 15:27:59,356 [ConfigurationClassBeanDefinitionReader.java:268][DEBUG]:Registering bean definition for @Bean method com.liangzhi.mercury.config.SpringConfig.stringEncoder()
2015-05-16 15:27:59,357 [ConfigurationClassBeanDefinitionReader.java:268][DEBUG]:Registering bean definition for @Bean method com.liangzhi.mercury.config.SpringConfig.stringDecoder()
2015-05-16 15:27:59,357 [ConfigurationClassBeanDefinitionReader.java:268][DEBUG]:Registering bean definition for @Bean method com.liangzhi.mercury.config.SpringConfig.bossGroup()
2015-05-16 15:27:59,357 [ConfigurationClassBeanDefinitionReader.java:268][DEBUG]:Registering bean definition for @Bean method com.liangzhi.mercury.config.SpringConfig.workerGroup()
2015-05-16 15:27:59,358 [ConfigurationClassBeanDefinitionReader.java:268][DEBUG]:Registering bean definition for @Bean method com.liangzhi.mercury.config.SpringConfig.tcpSocketAddress()
2015-05-16 15:27:59,358 [ConfigurationClassBeanDefinitionReader.java:268][DEBUG]:Registering bean definition for @Bean method com.liangzhi.mercury.config.SpringConfig.tcpChannelOptions()
2015-05-16 15:27:59,359 [ConfigurationClassBeanDefinitionReader.java:268][DEBUG]:Registering bean definition for @Bean method com.liangzhi.mercury.config.SpringConfig.propertyPlaceholderConfigurer()
2015-05-16 15:27:59,481 [ConfigurationClassEnhancer.java:102][DEBUG]:Successfully enhanced com.liangzhi.mercury.config.SpringConfig; enhanced class name is: com.liangzhi.mercury.config.SpringConfig$$EnhancerBySpringCGLIB$$5122f03
2015-05-16 15:27:59,482 [ConfigurationClassPostProcessor.java:388][DEBUG]:Replacing bean definition 'springConfig' existing class name 'com.liangzhi.mercury.config.SpringConfig' with enhanced class name 'com.liangzhi.mercury.config.SpringConfig$$EnhancerBySpringCGLIB$$5122f03'
2015-05-16 15:27:59,482 [ConfigurationClassEnhancer.java:102][DEBUG]:Successfully enhanced com.liangzhi.mercury.config.SpringConfig; enhanced class name is: com.liangzhi.mercury.config.SpringConfig$$EnhancerBySpringCGLIB$$5122f03
2015-05-16 15:27:59,482 [ConfigurationClassPostProcessor.java:388][DEBUG]:Replacing bean definition 'propertyPlaceholderConfigurer' existing class name 'com.liangzhi.mercury.config.SpringConfig' with enhanced class name 'com.liangzhi.mercury.config.SpringConfig$$EnhancerBySpringCGLIB$$5122f03'
2015-05-16 15:27:59,486 [DefaultSingletonBeanRegistry.java:221][DEBUG]:Creating shared instance of singleton bean 'propertyPlaceholderConfigurer'
2015-05-16 15:27:59,486 [AbstractAutowireCapableBeanFactory.java:450][DEBUG]:Creating instance of bean 'propertyPlaceholderConfigurer'
2015-05-16 15:27:59,500 [AbstractAutowireCapableBeanFactory.java:523][DEBUG]:Eagerly caching bean 'propertyPlaceholderConfigurer' to allow for resolving potential circular references
2015-05-16 15:27:59,500 [AbstractAutowireCapableBeanFactory.java:478][DEBUG]:Finished creating instance of bean 'propertyPlaceholderConfigurer'
2015-05-16 15:27:59,501 [MutablePropertySources.java:109][DEBUG]:Adding [environmentProperties] PropertySource with lowest search precedence
2015-05-16 15:27:59,501 [MutablePropertySources.java:109][DEBUG]:Adding [localProperties] PropertySource with lowest search precedence
2015-05-16 15:27:59,508 [DefaultSingletonBeanRegistry.java:221][DEBUG]:Creating shared instance of singleton bean 'org.springframework.context.annotation.internalAutowiredAnnotationProcessor'
2015-05-16 15:27:59,508 [AbstractAutowireCapableBeanFactory.java:450][DEBUG]:Creating instance of bean 'org.springframework.context.annotation.internalAutowiredAnnotationProcessor'
2015-05-16 15:27:59,509 [AbstractAutowireCapableBeanFactory.java:523][DEBUG]:Eagerly caching bean 'org.springframework.context.annotation.internalAutowiredAnnotationProcessor' to allow for resolving potential circular references
2015-05-16 15:27:59,509 [AbstractAutowireCapableBeanFactory.java:478][DEBUG]:Finished creating instance of bean 'org.springframework.context.annotation.internalAutowiredAnnotationProcessor'
2015-05-16 15:27:59,509 [DefaultSingletonBeanRegistry.java:221][DEBUG]:Creating shared instance of singleton bean 'org.springframework.context.annotation.internalRequiredAnnotationProcessor'
2015-05-16 15:27:59,509 [AbstractAutowireCapableBeanFactory.java:450][DEBUG]:Creating instance of bean 'org.springframework.context.annotation.internalRequiredAnnotationProcessor'
2015-05-16 15:27:59,509 [AbstractAutowireCapableBeanFactory.java:523][DEBUG]:Eagerly caching bean 'org.springframework.context.annotation.internalRequiredAnnotationProcessor' to allow for resolving potential circular references
2015-05-16 15:27:59,510 [AbstractAutowireCapableBeanFactory.java:478][DEBUG]:Finished creating instance of bean 'org.springframework.context.annotation.internalRequiredAnnotationProcessor'
2015-05-16 15:27:59,510 [DefaultSingletonBeanRegistry.java:221][DEBUG]:Creating shared instance of singleton bean 'org.springframework.context.annotation.internalCommonAnnotationProcessor'
2015-05-16 15:27:59,510 [AbstractAutowireCapableBeanFactory.java:450][DEBUG]:Creating instance of bean 'org.springframework.context.annotation.internalCommonAnnotationProcessor'
2015-05-16 15:27:59,531 [AbstractAutowireCapableBeanFactory.java:523][DEBUG]:Eagerly caching bean 'org.springframework.context.annotation.internalCommonAnnotationProcessor' to allow for resolving potential circular references
2015-05-16 15:27:59,531 [AbstractAutowireCapableBeanFactory.java:478][DEBUG]:Finished creating instance of bean 'org.springframework.context.annotation.internalCommonAnnotationProcessor'
2015-05-16 15:27:59,531 [DefaultSingletonBeanRegistry.java:221][DEBUG]:Creating shared instance of singleton bean 'org.springframework.context.annotation.ConfigurationClassPostProcessor.importAwareProcessor'
2015-05-16 15:27:59,531 [AbstractAutowireCapableBeanFactory.java:450][DEBUG]:Creating instance of bean 'org.springframework.context.annotation.ConfigurationClassPostProcessor.importAwareProcessor'
2015-05-16 15:27:59,532 [AbstractAutowireCapableBeanFactory.java:523][DEBUG]:Eagerly caching bean 'org.springframework.context.annotation.ConfigurationClassPostProcessor.importAwareProcessor' to allow for resolving potential circular references
2015-05-16 15:27:59,532 [AbstractAutowireCapableBeanFactory.java:478][DEBUG]:Finished creating instance of bean 'org.springframework.context.annotation.ConfigurationClassPostProcessor.importAwareProcessor'
2015-05-16 15:27:59,532 [DefaultSingletonBeanRegistry.java:221][DEBUG]:Creating shared instance of singleton bean 'org.springframework.context.annotation.ConfigurationClassPostProcessor.enhancedConfigurationProcessor'
2015-05-16 15:27:59,532 [AbstractAutowireCapableBeanFactory.java:450][DEBUG]:Creating instance of bean 'org.springframework.context.annotation.ConfigurationClassPostProcessor.enhancedConfigurationProcessor'
2015-05-16 15:27:59,532 [AbstractAutowireCapableBeanFactory.java:523][DEBUG]:Eagerly caching bean 'org.springframework.context.annotation.ConfigurationClassPostProcessor.enhancedConfigurationProcessor' to allow for resolving potential circular references
2015-05-16 15:27:59,532 [AbstractAutowireCapableBeanFactory.java:478][DEBUG]:Finished creating instance of bean 'org.springframework.context.annotation.ConfigurationClassPostProcessor.enhancedConfigurationProcessor'
2015-05-16 15:27:59,543 [AbstractApplicationContext.java:646][DEBUG]:Unable to locate MessageSource with name 'messageSource': using default [org.springframework.context.support.DelegatingMessageSource@1005412e]
2015-05-16 15:27:59,545 [AbstractApplicationContext.java:670][DEBUG]:Unable to locate ApplicationEventMulticaster with name 'applicationEventMulticaster': using default [org.springframework.context.event.SimpleApplicationEventMulticaster@6b98cfe1]
2015-05-16 15:27:59,549 [DefaultListableBeanFactory.java:724][DEBUG]:Pre-instantiating singletons in org.springframework.beans.factory.support.DefaultListableBeanFactory@466de78a: defining beans [org.springframework.context.annotation.internalConfigurationAnnotationProcessor,org.springframework.context.annotation.internalAutowiredAnnotationProcessor,org.springframework.context.annotation.internalRequiredAnnotationProcessor,org.springframework.context.annotation.internalCommonAnnotationProcessor,springConfig,org.springframework.context.annotation.ConfigurationClassPostProcessor.importAwareProcessor,org.springframework.context.annotation.ConfigurationClassPostProcessor.enhancedConfigurationProcessor,serverHandler,stringProtocolInitializer,TCPServer,serverBootstrap,stringEncoder,stringDecoder,bossGroup,workerGroup,tcpSocketAddress,tcpChannelOptions,propertyPlaceholderConfigurer]; root of factory hierarchy
2015-05-16 15:27:59,550 [AbstractBeanFactory.java:248][DEBUG]:Returning cached instance of singleton bean 'org.springframework.context.annotation.internalConfigurationAnnotationProcessor'
2015-05-16 15:27:59,550 [AbstractBeanFactory.java:248][DEBUG]:Returning cached instance of singleton bean 'org.springframework.context.annotation.internalAutowiredAnnotationProcessor'
2015-05-16 15:27:59,550 [AbstractBeanFactory.java:248][DEBUG]:Returning cached instance of singleton bean 'org.springframework.context.annotation.internalRequiredAnnotationProcessor'
2015-05-16 15:27:59,550 [AbstractBeanFactory.java:248][DEBUG]:Returning cached instance of singleton bean 'org.springframework.context.annotation.internalCommonAnnotationProcessor'
2015-05-16 15:27:59,550 [DefaultSingletonBeanRegistry.java:221][DEBUG]:Creating shared instance of singleton bean 'springConfig'
2015-05-16 15:27:59,550 [AbstractAutowireCapableBeanFactory.java:450][DEBUG]:Creating instance of bean 'springConfig'
2015-05-16 15:27:59,563 [InjectionMetadata.java:72][DEBUG]:Registered injected element on class [com.liangzhi.mercury.config.SpringConfig$$EnhancerBySpringCGLIB$$5122f03]: AutowiredFieldElement for private int com.liangzhi.mercury.config.SpringConfig.bossCount
2015-05-16 15:27:59,563 [InjectionMetadata.java:72][DEBUG]:Registered injected element on class [com.liangzhi.mercury.config.SpringConfig$$EnhancerBySpringCGLIB$$5122f03]: AutowiredFieldElement for private int com.liangzhi.mercury.config.SpringConfig.workerCount
2015-05-16 15:27:59,563 [InjectionMetadata.java:72][DEBUG]:Registered injected element on class [com.liangzhi.mercury.config.SpringConfig$$EnhancerBySpringCGLIB$$5122f03]: AutowiredFieldElement for private int com.liangzhi.mercury.config.SpringConfig.tcpPort
2015-05-16 15:27:59,564 [InjectionMetadata.java:72][DEBUG]:Registered injected element on class [com.liangzhi.mercury.config.SpringConfig$$EnhancerBySpringCGLIB$$5122f03]: AutowiredFieldElement for private boolean com.liangzhi.mercury.config.SpringConfig.keepAlive
2015-05-16 15:27:59,564 [InjectionMetadata.java:72][DEBUG]:Registered injected element on class [com.liangzhi.mercury.config.SpringConfig$$EnhancerBySpringCGLIB$$5122f03]: AutowiredFieldElement for private int com.liangzhi.mercury.config.SpringConfig.backlog
2015-05-16 15:27:59,564 [InjectionMetadata.java:72][DEBUG]:Registered injected element on class [com.liangzhi.mercury.config.SpringConfig$$EnhancerBySpringCGLIB$$5122f03]: AutowiredFieldElement for private java.lang.String com.liangzhi.mercury.config.SpringConfig.log4jConfiguration
2015-05-16 15:27:59,564 [InjectionMetadata.java:72][DEBUG]:Registered injected element on class [com.liangzhi.mercury.config.SpringConfig$$EnhancerBySpringCGLIB$$5122f03]: AutowiredFieldElement for private com.liangzhi.mercury.handlers.StringProtocolInitializer com.liangzhi.mercury.config.SpringConfig.protocolInitalizer
2015-05-16 15:27:59,564 [AbstractAutowireCapableBeanFactory.java:523][DEBUG]:Eagerly caching bean 'springConfig' to allow for resolving potential circular references
2015-05-16 15:27:59,574 [InjectionMetadata.java:86][DEBUG]:Processing injected element of bean 'springConfig': AutowiredFieldElement for private int com.liangzhi.mercury.config.SpringConfig.bossCount
2015-05-16 15:27:59,575 [PropertySourcesPropertyResolver.java:81][DEBUG]:Searching for key 'boss.thread.count' in [environmentProperties]
2015-05-16 15:27:59,575 [PropertySourcesPropertyResolver.java:81][DEBUG]:Searching for key 'boss.thread.count' in [systemProperties]
2015-05-16 15:27:59,575 [PropertySourcesPropertyResolver.java:81][DEBUG]:Searching for key 'boss.thread.count' in [systemEnvironment]
2015-05-16 15:27:59,576 [PropertySourcesPropertyResolver.java:81][DEBUG]:Searching for key 'boss.thread.count' in [class path resource [netty-server.properties]]
2015-05-16 15:27:59,576 [PropertySourcesPropertyResolver.java:90][DEBUG]:Found key 'boss.thread.count' in [class path resource [netty-server.properties]] with type [String] and value '2'
2015-05-16 15:27:59,577 [PropertySourcesPropertyResolver.java:90][DEBUG]:Found key 'boss.thread.count' in [environmentProperties] with type [String] and value '2'
2015-05-16 15:27:59,601 [InjectionMetadata.java:86][DEBUG]:Processing injected element of bean 'springConfig': AutowiredFieldElement for private int com.liangzhi.mercury.config.SpringConfig.workerCount
2015-05-16 15:27:59,601 [PropertySourcesPropertyResolver.java:81][DEBUG]:Searching for key 'worker.thread.count' in [environmentProperties]
2015-05-16 15:27:59,601 [PropertySourcesPropertyResolver.java:81][DEBUG]:Searching for key 'worker.thread.count' in [systemProperties]
2015-05-16 15:27:59,602 [PropertySourcesPropertyResolver.java:81][DEBUG]:Searching for key 'worker.thread.count' in [systemEnvironment]
2015-05-16 15:27:59,602 [PropertySourcesPropertyResolver.java:81][DEBUG]:Searching for key 'worker.thread.count' in [class path resource [netty-server.properties]]
2015-05-16 15:27:59,602 [PropertySourcesPropertyResolver.java:90][DEBUG]:Found key 'worker.thread.count' in [class path resource [netty-server.properties]] with type [String] and value '2'
2015-05-16 15:27:59,602 [PropertySourcesPropertyResolver.java:90][DEBUG]:Found key 'worker.thread.count' in [environmentProperties] with type [String] and value '2'
2015-05-16 15:27:59,603 [InjectionMetadata.java:86][DEBUG]:Processing injected element of bean 'springConfig': AutowiredFieldElement for private int com.liangzhi.mercury.config.SpringConfig.tcpPort
2015-05-16 15:27:59,603 [PropertySourcesPropertyResolver.java:81][DEBUG]:Searching for key 'tcp.port' in [environmentProperties]
2015-05-16 15:27:59,603 [PropertySourcesPropertyResolver.java:81][DEBUG]:Searching for key 'tcp.port' in [systemProperties]
2015-05-16 15:27:59,603 [PropertySourcesPropertyResolver.java:81][DEBUG]:Searching for key 'tcp.port' in [systemEnvironment]
2015-05-16 15:27:59,603 [PropertySourcesPropertyResolver.java:81][DEBUG]:Searching for key 'tcp.port' in [class path resource [netty-server.properties]]
2015-05-16 15:27:59,603 [PropertySourcesPropertyResolver.java:90][DEBUG]:Found key 'tcp.port' in [class path resource [netty-server.properties]] with type [String] and value '8090'
2015-05-16 15:27:59,604 [PropertySourcesPropertyResolver.java:90][DEBUG]:Found key 'tcp.port' in [environmentProperties] with type [String] and value '8090'
2015-05-16 15:27:59,604 [InjectionMetadata.java:86][DEBUG]:Processing injected element of bean 'springConfig': AutowiredFieldElement for private boolean com.liangzhi.mercury.config.SpringConfig.keepAlive
2015-05-16 15:27:59,604 [PropertySourcesPropertyResolver.java:81][DEBUG]:Searching for key 'so.keepalive' in [environmentProperties]
2015-05-16 15:27:59,604 [PropertySourcesPropertyResolver.java:81][DEBUG]:Searching for key 'so.keepalive' in [systemProperties]
2015-05-16 15:27:59,604 [PropertySourcesPropertyResolver.java:81][DEBUG]:Searching for key 'so.keepalive' in [systemEnvironment]
2015-05-16 15:27:59,604 [PropertySourcesPropertyResolver.java:81][DEBUG]:Searching for key 'so.keepalive' in [class path resource [netty-server.properties]]
2015-05-16 15:27:59,604 [PropertySourcesPropertyResolver.java:90][DEBUG]:Found key 'so.keepalive' in [class path resource [netty-server.properties]] with type [String] and value 'true'
2015-05-16 15:27:59,605 [PropertySourcesPropertyResolver.java:90][DEBUG]:Found key 'so.keepalive' in [environmentProperties] with type [String] and value 'true'
2015-05-16 15:27:59,605 [InjectionMetadata.java:86][DEBUG]:Processing injected element of bean 'springConfig': AutowiredFieldElement for private int com.liangzhi.mercury.config.SpringConfig.backlog
2015-05-16 15:27:59,605 [PropertySourcesPropertyResolver.java:81][DEBUG]:Searching for key 'so.backlog' in [environmentProperties]
2015-05-16 15:27:59,605 [PropertySourcesPropertyResolver.java:81][DEBUG]:Searching for key 'so.backlog' in [systemProperties]
2015-05-16 15:27:59,605 [PropertySourcesPropertyResolver.java:81][DEBUG]:Searching for key 'so.backlog' in [systemEnvironment]
2015-05-16 15:27:59,606 [PropertySourcesPropertyResolver.java:81][DEBUG]:Searching for key 'so.backlog' in [class path resource [netty-server.properties]]
2015-05-16 15:27:59,606 [PropertySourcesPropertyResolver.java:90][DEBUG]:Found key 'so.backlog' in [class path resource [netty-server.properties]] with type [String] and value '100'
2015-05-16 15:27:59,606 [PropertySourcesPropertyResolver.java:90][DEBUG]:Found key 'so.backlog' in [environmentProperties] with type [String] and value '100'
2015-05-16 15:27:59,606 [InjectionMetadata.java:86][DEBUG]:Processing injected element of bean 'springConfig': AutowiredFieldElement for private java.lang.String com.liangzhi.mercury.config.SpringConfig.log4jConfiguration
2015-05-16 15:27:59,606 [PropertySourcesPropertyResolver.java:81][DEBUG]:Searching for key 'log4j.configuration' in [environmentProperties]
2015-05-16 15:27:59,607 [PropertySourcesPropertyResolver.java:81][DEBUG]:Searching for key 'log4j.configuration' in [systemProperties]
2015-05-16 15:27:59,607 [PropertySourcesPropertyResolver.java:81][DEBUG]:Searching for key 'log4j.configuration' in [systemEnvironment]
2015-05-16 15:27:59,607 [PropertySourcesPropertyResolver.java:81][DEBUG]:Searching for key 'log4j.configuration' in [class path resource [netty-server.properties]]
2015-05-16 15:27:59,607 [PropertySourcesPropertyResolver.java:90][DEBUG]:Found key 'log4j.configuration' in [class path resource [netty-server.properties]] with type [String] and value 'SpringNettyLog4j.properties'
2015-05-16 15:27:59,607 [PropertySourcesPropertyResolver.java:90][DEBUG]:Found key 'log4j.configuration' in [environmentProperties] with type [String] and value 'SpringNettyLog4j.properties'
2015-05-16 15:27:59,607 [InjectionMetadata.java:86][DEBUG]:Processing injected element of bean 'springConfig': AutowiredFieldElement for private com.liangzhi.mercury.handlers.StringProtocolInitializer com.liangzhi.mercury.config.SpringConfig.protocolInitalizer
2015-05-16 15:27:59,610 [DefaultSingletonBeanRegistry.java:221][DEBUG]:Creating shared instance of singleton bean 'stringProtocolInitializer'
2015-05-16 15:27:59,610 [AbstractAutowireCapableBeanFactory.java:450][DEBUG]:Creating instance of bean 'stringProtocolInitializer'
2015-05-16 15:27:59,618 [Slf4JLogger.java:71][DEBUG]:Using SLF4J as the default logging framework
2015-05-16 15:27:59,621 [InjectionMetadata.java:72][DEBUG]:Registered injected element on class [com.liangzhi.mercury.handlers.StringProtocolInitializer]: AutowiredFieldElement for io.netty.handler.codec.string.StringDecoder com.liangzhi.mercury.handlers.StringProtocolInitializer.stringDecoder
2015-05-16 15:27:59,622 [InjectionMetadata.java:72][DEBUG]:Registered injected element on class [com.liangzhi.mercury.handlers.StringProtocolInitializer]: AutowiredFieldElement for io.netty.handler.codec.string.StringEncoder com.liangzhi.mercury.handlers.StringProtocolInitializer.stringEncoder
2015-05-16 15:27:59,622 [InjectionMetadata.java:72][DEBUG]:Registered injected element on class [com.liangzhi.mercury.handlers.StringProtocolInitializer]: AutowiredFieldElement for com.liangzhi.mercury.handlers.ServerHandler com.liangzhi.mercury.handlers.StringProtocolInitializer.serverHandler
2015-05-16 15:27:59,622 [AbstractAutowireCapableBeanFactory.java:523][DEBUG]:Eagerly caching bean 'stringProtocolInitializer' to allow for resolving potential circular references
2015-05-16 15:27:59,630 [InjectionMetadata.java:86][DEBUG]:Processing injected element of bean 'stringProtocolInitializer': AutowiredFieldElement for io.netty.handler.codec.string.StringDecoder com.liangzhi.mercury.handlers.StringProtocolInitializer.stringDecoder
2015-05-16 15:27:59,631 [DefaultSingletonBeanRegistry.java:221][DEBUG]:Creating shared instance of singleton bean 'stringDecoder'
2015-05-16 15:27:59,631 [AbstractAutowireCapableBeanFactory.java:450][DEBUG]:Creating instance of bean 'stringDecoder'
2015-05-16 15:27:59,631 [AbstractBeanFactory.java:244][DEBUG]:Returning eagerly cached instance of singleton bean 'springConfig' that is not fully initialized yet - a consequence of a circular reference
2015-05-16 15:27:59,658 [Slf4JLogger.java:76][DEBUG]:java.nio.Buffer.address: available
2015-05-16 15:27:59,658 [Slf4JLogger.java:76][DEBUG]:sun.misc.Unsafe.theUnsafe: available
2015-05-16 15:27:59,658 [Slf4JLogger.java:71][DEBUG]:sun.misc.Unsafe.copyMemory: available
2015-05-16 15:27:59,659 [Slf4JLogger.java:76][DEBUG]:java.nio.Bits.unaligned: true
2015-05-16 15:27:59,660 [Slf4JLogger.java:71][DEBUG]:Platform: Windows
2015-05-16 15:27:59,661 [Slf4JLogger.java:76][DEBUG]:Java version: 7
2015-05-16 15:27:59,661 [Slf4JLogger.java:76][DEBUG]:-Dio.netty.noUnsafe: false
2015-05-16 15:27:59,662 [Slf4JLogger.java:76][DEBUG]:sun.misc.Unsafe: available
2015-05-16 15:27:59,672 [Slf4JLogger.java:76][DEBUG]:-Dio.netty.noJavassist: false
2015-05-16 15:27:59,673 [Slf4JLogger.java:71][DEBUG]:Javassist: unavailable
2015-05-16 15:27:59,673 [Slf4JLogger.java:71][DEBUG]:You don't have Javassist in your class path or you don't have enough permission to load dynamically generated classes.  Please check the configuration for better performance.
2015-05-16 15:27:59,675 [Slf4JLogger.java:76][DEBUG]:-Dio.netty.tmpdir: C:\Users\LITTLE~1\AppData\Local\Temp (java.io.tmpdir)
2015-05-16 15:27:59,675 [Slf4JLogger.java:76][DEBUG]:-Dio.netty.bitMode: 64 (sun.arch.data.model)
2015-05-16 15:27:59,676 [Slf4JLogger.java:76][DEBUG]:-Dio.netty.noPreferDirect: false
2015-05-16 15:27:59,680 [AbstractAutowireCapableBeanFactory.java:523][DEBUG]:Eagerly caching bean 'stringDecoder' to allow for resolving potential circular references
2015-05-16 15:27:59,684 [AbstractAutowireCapableBeanFactory.java:478][DEBUG]:Finished creating instance of bean 'stringDecoder'
2015-05-16 15:27:59,684 [AutowiredAnnotationBeanPostProcessor.java:480][DEBUG]:Autowiring by type from bean name 'stringProtocolInitializer' to bean named 'stringDecoder'
2015-05-16 15:27:59,684 [InjectionMetadata.java:86][DEBUG]:Processing injected element of bean 'stringProtocolInitializer': AutowiredFieldElement for io.netty.handler.codec.string.StringEncoder com.liangzhi.mercury.handlers.StringProtocolInitializer.stringEncoder
2015-05-16 15:27:59,685 [DefaultSingletonBeanRegistry.java:221][DEBUG]:Creating shared instance of singleton bean 'stringEncoder'
2015-05-16 15:27:59,685 [AbstractAutowireCapableBeanFactory.java:450][DEBUG]:Creating instance of bean 'stringEncoder'
2015-05-16 15:27:59,685 [AbstractBeanFactory.java:244][DEBUG]:Returning eagerly cached instance of singleton bean 'springConfig' that is not fully initialized yet - a consequence of a circular reference
2015-05-16 15:27:59,689 [AbstractAutowireCapableBeanFactory.java:523][DEBUG]:Eagerly caching bean 'stringEncoder' to allow for resolving potential circular references
2015-05-16 15:27:59,701 [AbstractAutowireCapableBeanFactory.java:478][DEBUG]:Finished creating instance of bean 'stringEncoder'
2015-05-16 15:27:59,701 [AutowiredAnnotationBeanPostProcessor.java:480][DEBUG]:Autowiring by type from bean name 'stringProtocolInitializer' to bean named 'stringEncoder'
2015-05-16 15:27:59,701 [InjectionMetadata.java:86][DEBUG]:Processing injected element of bean 'stringProtocolInitializer': AutowiredFieldElement for com.liangzhi.mercury.handlers.ServerHandler com.liangzhi.mercury.handlers.StringProtocolInitializer.serverHandler
2015-05-16 15:27:59,701 [DefaultSingletonBeanRegistry.java:221][DEBUG]:Creating shared instance of singleton bean 'serverHandler'
2015-05-16 15:27:59,701 [AbstractAutowireCapableBeanFactory.java:450][DEBUG]:Creating instance of bean 'serverHandler'
2015-05-16 15:27:59,703 [AbstractAutowireCapableBeanFactory.java:523][DEBUG]:Eagerly caching bean 'serverHandler' to allow for resolving potential circular references
2015-05-16 15:27:59,705 [AbstractAutowireCapableBeanFactory.java:478][DEBUG]:Finished creating instance of bean 'serverHandler'
2015-05-16 15:27:59,705 [AutowiredAnnotationBeanPostProcessor.java:480][DEBUG]:Autowiring by type from bean name 'stringProtocolInitializer' to bean named 'serverHandler'
2015-05-16 15:27:59,705 [AbstractAutowireCapableBeanFactory.java:478][DEBUG]:Finished creating instance of bean 'stringProtocolInitializer'
2015-05-16 15:27:59,705 [AutowiredAnnotationBeanPostProcessor.java:480][DEBUG]:Autowiring by type from bean name 'springConfig' to bean named 'stringProtocolInitializer'
2015-05-16 15:27:59,705 [AbstractAutowireCapableBeanFactory.java:478][DEBUG]:Finished creating instance of bean 'springConfig'
2015-05-16 15:27:59,705 [AbstractBeanFactory.java:248][DEBUG]:Returning cached instance of singleton bean 'org.springframework.context.annotation.ConfigurationClassPostProcessor.importAwareProcessor'
2015-05-16 15:27:59,705 [AbstractBeanFactory.java:248][DEBUG]:Returning cached instance of singleton bean 'org.springframework.context.annotation.ConfigurationClassPostProcessor.enhancedConfigurationProcessor'
2015-05-16 15:27:59,706 [AbstractBeanFactory.java:248][DEBUG]:Returning cached instance of singleton bean 'serverHandler'
2015-05-16 15:27:59,706 [AbstractBeanFactory.java:248][DEBUG]:Returning cached instance of singleton bean 'stringProtocolInitializer'
2015-05-16 15:27:59,706 [DefaultSingletonBeanRegistry.java:221][DEBUG]:Creating shared instance of singleton bean 'TCPServer'
2015-05-16 15:27:59,706 [AbstractAutowireCapableBeanFactory.java:450][DEBUG]:Creating instance of bean 'TCPServer'
2015-05-16 15:27:59,709 [InitDestroyAnnotationBeanPostProcessor.java:205][DEBUG]:Found init method on class [com.liangzhi.mercury.server.TCPServer]: public void com.liangzhi.mercury.server.TCPServer.start() throws java.lang.Exception
2015-05-16 15:27:59,709 [InitDestroyAnnotationBeanPostProcessor.java:213][DEBUG]:Found destroy method on class [com.liangzhi.mercury.server.TCPServer]: public void com.liangzhi.mercury.server.TCPServer.stop()
2015-05-16 15:27:59,710 [InitDestroyAnnotationBeanPostProcessor.java:272][DEBUG]:Registered init method on class [com.liangzhi.mercury.server.TCPServer]: org.springframework.beans.factory.annotation.InitDestroyAnnotationBeanPostProcessor$LifecycleElement@68ac462
2015-05-16 15:27:59,710 [InitDestroyAnnotationBeanPostProcessor.java:283][DEBUG]:Registered destroy method on class [com.liangzhi.mercury.server.TCPServer]: org.springframework.beans.factory.annotation.InitDestroyAnnotationBeanPostProcessor$LifecycleElement@360802
2015-05-16 15:27:59,712 [InjectionMetadata.java:72][DEBUG]:Registered injected element on class [com.liangzhi.mercury.server.TCPServer]: AutowiredFieldElement for private io.netty.bootstrap.ServerBootstrap com.liangzhi.mercury.server.TCPServer.b
2015-05-16 15:27:59,712 [InjectionMetadata.java:72][DEBUG]:Registered injected element on class [com.liangzhi.mercury.server.TCPServer]: AutowiredFieldElement for private java.net.InetSocketAddress com.liangzhi.mercury.server.TCPServer.tcpPort
2015-05-16 15:27:59,712 [AbstractAutowireCapableBeanFactory.java:523][DEBUG]:Eagerly caching bean 'TCPServer' to allow for resolving potential circular references
2015-05-16 15:27:59,714 [InjectionMetadata.java:86][DEBUG]:Processing injected element of bean 'TCPServer': AutowiredFieldElement for private io.netty.bootstrap.ServerBootstrap com.liangzhi.mercury.server.TCPServer.b
2015-05-16 15:27:59,714 [DefaultSingletonBeanRegistry.java:221][DEBUG]:Creating shared instance of singleton bean 'serverBootstrap'
2015-05-16 15:27:59,715 [AbstractAutowireCapableBeanFactory.java:450][DEBUG]:Creating instance of bean 'serverBootstrap'
2015-05-16 15:27:59,715 [AbstractBeanFactory.java:248][DEBUG]:Returning cached instance of singleton bean 'springConfig'
2015-05-16 15:27:59,716 [DefaultSingletonBeanRegistry.java:221][DEBUG]:Creating shared instance of singleton bean 'bossGroup'
2015-05-16 15:27:59,717 [AbstractAutowireCapableBeanFactory.java:450][DEBUG]:Creating instance of bean 'bossGroup'
2015-05-16 15:27:59,717 [AbstractBeanFactory.java:248][DEBUG]:Returning cached instance of singleton bean 'springConfig'
2015-05-16 15:27:59,718 [Slf4JLogger.java:76][DEBUG]:-Dio.netty.eventLoopThreads: 16
2015-05-16 15:27:59,764 [Slf4JLogger.java:76][DEBUG]:-Dio.netty.noKeySetOptimization: false
2015-05-16 15:27:59,764 [Slf4JLogger.java:76][DEBUG]:-Dio.netty.selectorAutoRebuildThreshold: 512
2015-05-16 15:27:59,802 [AbstractAutowireCapableBeanFactory.java:523][DEBUG]:Eagerly caching bean 'bossGroup' to allow for resolving potential circular references
2015-05-16 15:27:59,810 [AbstractAutowireCapableBeanFactory.java:478][DEBUG]:Finished creating instance of bean 'bossGroup'
2015-05-16 15:27:59,811 [DefaultSingletonBeanRegistry.java:221][DEBUG]:Creating shared instance of singleton bean 'workerGroup'
2015-05-16 15:27:59,811 [AbstractAutowireCapableBeanFactory.java:450][DEBUG]:Creating instance of bean 'workerGroup'
2015-05-16 15:27:59,811 [AbstractBeanFactory.java:248][DEBUG]:Returning cached instance of singleton bean 'springConfig'
2015-05-16 15:27:59,817 [AbstractAutowireCapableBeanFactory.java:523][DEBUG]:Eagerly caching bean 'workerGroup' to allow for resolving potential circular references
2015-05-16 15:27:59,817 [AbstractAutowireCapableBeanFactory.java:478][DEBUG]:Finished creating instance of bean 'workerGroup'
2015-05-16 15:27:59,820 [DefaultSingletonBeanRegistry.java:221][DEBUG]:Creating shared instance of singleton bean 'tcpChannelOptions'
2015-05-16 15:27:59,820 [AbstractAutowireCapableBeanFactory.java:450][DEBUG]:Creating instance of bean 'tcpChannelOptions'
2015-05-16 15:27:59,821 [AbstractBeanFactory.java:248][DEBUG]:Returning cached instance of singleton bean 'springConfig'
2015-05-16 15:27:59,823 [AbstractAutowireCapableBeanFactory.java:523][DEBUG]:Eagerly caching bean 'tcpChannelOptions' to allow for resolving potential circular references
2015-05-16 15:27:59,826 [AbstractAutowireCapableBeanFactory.java:478][DEBUG]:Finished creating instance of bean 'tcpChannelOptions'
2015-05-16 15:27:59,829 [AbstractAutowireCapableBeanFactory.java:523][DEBUG]:Eagerly caching bean 'serverBootstrap' to allow for resolving potential circular references
2015-05-16 15:27:59,833 [AbstractAutowireCapableBeanFactory.java:478][DEBUG]:Finished creating instance of bean 'serverBootstrap'
2015-05-16 15:27:59,833 [AutowiredAnnotationBeanPostProcessor.java:480][DEBUG]:Autowiring by type from bean name 'TCPServer' to bean named 'serverBootstrap'
2015-05-16 15:27:59,834 [InjectionMetadata.java:86][DEBUG]:Processing injected element of bean 'TCPServer': AutowiredFieldElement for private java.net.InetSocketAddress com.liangzhi.mercury.server.TCPServer.tcpPort
2015-05-16 15:27:59,834 [DefaultSingletonBeanRegistry.java:221][DEBUG]:Creating shared instance of singleton bean 'tcpSocketAddress'
2015-05-16 15:27:59,834 [AbstractAutowireCapableBeanFactory.java:450][DEBUG]:Creating instance of bean 'tcpSocketAddress'
2015-05-16 15:27:59,835 [AbstractBeanFactory.java:248][DEBUG]:Returning cached instance of singleton bean 'springConfig'
2015-05-16 15:27:59,835 [AbstractAutowireCapableBeanFactory.java:523][DEBUG]:Eagerly caching bean 'tcpSocketAddress' to allow for resolving potential circular references
2015-05-16 15:27:59,837 [AbstractAutowireCapableBeanFactory.java:478][DEBUG]:Finished creating instance of bean 'tcpSocketAddress'
2015-05-16 15:27:59,837 [AutowiredAnnotationBeanPostProcessor.java:480][DEBUG]:Autowiring by type from bean name 'TCPServer' to bean named 'tcpSocketAddress'
2015-05-16 15:27:59,837 [InitDestroyAnnotationBeanPostProcessor.java:298][DEBUG]:Invoking init method on bean 'TCPServer': public void com.liangzhi.mercury.server.TCPServer.start() throws java.lang.Exception
2015-05-16 15:27:59,888 [Slf4JLogger.java:71][DEBUG]:-Dio.netty.initialSeedUniquifier: 0x3ab337d6ca2fe2fe (took 44 ms)
2015-05-16 15:27:59,909 [Slf4JLogger.java:76][DEBUG]:-Dio.netty.allocator.type: unpooled
2015-05-16 15:27:59,909 [Slf4JLogger.java:76][DEBUG]:-Dio.netty.threadLocalDirectBufferSize: 65536
2015-05-16 15:27:59,950 [Slf4JLogger.java:86][DEBUG]:Loopback interface: lo (Software Loopback Interface 1, 127.0.0.1)
2015-05-16 15:27:59,951 [Slf4JLogger.java:81][DEBUG]:\proc\sys\net\core\somaxconn: 200 (non-existent)
2015-05-16 15:28:48,748 [Slf4JLogger.java:81][DEBUG]:-Dio.netty.leakDetectionLevel: simple
2015-05-16 15:28:48,751 [Slf4JLogger.java:76][DEBUG]:-Dio.netty.recycler.maxCapacity.default: 262144
2015-05-16 15:28:48,773 [Slf4JLogger.java:76][DEBUG]:java.nio.ByteBuffer.cleaner(): available
